<?xml version="1.0" encoding="UTF-8"?>
<!-- Generated by org.testng.reporters.JUnitXMLReporter -->
<testsuite hostname="DESKTOP-5E8VB7T" ignored="0" name="Surefire test" tests="2" failures="0" timestamp="03 May 2023 16:41:06 GMT" time="41.042" errors="0">
  <testcase name="runScenario" time="25.228" classname="io.cucumber.testng.AbstractTestNGCucumberTests"/>
  <testcase name="runScenario" time="14.959" classname="io.cucumber.testng.AbstractTestNGCucumberTests"/>
</testsuite> <!-- Surefire test -->
