<?xml version="1.0" encoding="UTF-8"?>
<!-- Generated by org.testng.reporters.JUnitXMLReporter -->
<testsuite hostname="DESKTOP-5E8VB7T" ignored="0" name="Surefire test" tests="2" failures="0" timestamp="02 May 2023 16:49:49 GMT" time="34.534" errors="0">
  <testcase name="runScenario" time="16.548" classname="io.cucumber.testng.AbstractTestNGCucumberTests"/>
  <testcase name="runScenario" time="17.507" classname="io.cucumber.testng.AbstractTestNGCucumberTests"/>
</testsuite> <!-- Surefire test -->
