<?xml version="1.0" encoding="UTF-8"?>
<testng-results skipped="0" failed="0" ignored="0" total="2" passed="2">
  <reporter-output>
  </reporter-output>
  <suite name="Surefire suite" duration-ms="41042" started-at="2023-05-03T16:40:25Z" finished-at="2023-05-03T16:41:06Z">
    <groups>
      <group name="cucumber">
        <method signature="AbstractTestNGCucumberTests.runScenario(io.cucumber.testng.PickleWrapper, io.cucumber.testng.FeatureWrapper)[pri:0, instance:Runners._04_TestRunnerSmoke@146ba0ac]" name="runScenario" class="io.cucumber.testng.AbstractTestNGCucumberTests"/>
      </group> <!-- cucumber -->
    </groups>
    <test name="Surefire test" duration-ms="41042" started-at="2023-05-03T16:40:25Z" finished-at="2023-05-03T16:41:06Z">
      <class name="Runners._04_TestRunnerSmoke">
        <test-method status="PASS" signature="setUpClass(org.testng.ITestContext)[pri:0, instance:Runners._04_TestRunnerSmoke@146ba0ac]" name="setUpClass" is-config="true" duration-ms="433" started-at="2023-05-03T16:40:25Z" finished-at="2023-05-03T16:40:25Z">
          <params>
            <param index="0">
              <value>
                <![CDATA[org.testng.TestRunner@1a1cc163]]>
              </value>
            </param>
          </params>
          <reporter-output>
          </reporter-output>
        </test-method> <!-- setUpClass -->
        <test-method status="PASS" signature="runScenario(io.cucumber.testng.PickleWrapper, io.cucumber.testng.FeatureWrapper)[pri:0, instance:Runners._04_TestRunnerSmoke@146ba0ac]" name="runScenario" duration-ms="25228" started-at="2023-05-03T16:40:25Z" description="Runs Cucumber Scenarios" data-provider="scenarios" finished-at="2023-05-03T16:40:50Z">
          <params>
            <param index="0">
              <value>
                <![CDATA["Login with valid username and password"]]>
              </value>
            </param>
            <param index="1">
              <value>
                <![CDATA["Login Functionality"]]>
              </value>
            </param>
          </params>
          <reporter-output>
          </reporter-output>
        </test-method> <!-- runScenario -->
        <test-method status="PASS" signature="runScenario(io.cucumber.testng.PickleWrapper, io.cucumber.testng.FeatureWrapper)[pri:0, instance:Runners._04_TestRunnerSmoke@146ba0ac]" name="runScenario" duration-ms="14959" started-at="2023-05-03T16:40:50Z" description="Runs Cucumber Scenarios" data-provider="scenarios" finished-at="2023-05-03T16:41:05Z">
          <params>
            <param index="0">
              <value>
                <![CDATA["Create a Country"]]>
              </value>
            </param>
            <param index="1">
              <value>
                <![CDATA["Country Functionality"]]>
              </value>
            </param>
          </params>
          <reporter-output>
          </reporter-output>
        </test-method> <!-- runScenario -->
        <test-method status="PASS" signature="tearDownClass()[pri:0, instance:Runners._04_TestRunnerSmoke@146ba0ac]" name="tearDownClass" is-config="true" duration-ms="398" started-at="2023-05-03T16:41:05Z" finished-at="2023-05-03T16:41:06Z">
          <reporter-output>
          </reporter-output>
        </test-method> <!-- tearDownClass -->
      </class> <!-- Runners._04_TestRunnerSmoke -->
    </test> <!-- Surefire test -->
  </suite> <!-- Surefire suite -->
</testng-results>
